<?xml version="1.0" encoding="UTF-8"?>
<testng-results ignored="0" total="2" passed="2" failed="0" skipped="0">
  <reporter-output>
  </reporter-output>
  <suite started-at="2023-07-13T18:34:04 IST" name="TestNG Listener" finished-at="2023-07-13T18:34:14 IST" duration-ms="10228">
    <groups>
    </groups>
    <test started-at="2023-07-13T18:34:04 IST" name="Input Test" finished-at="2023-07-13T18:34:14 IST" duration-ms="10228">
      <class name="testNG.TestBrowser">
        <test-method is-config="true" signature="getDriver(java.lang.String)[pri:0, instance:testNG.TestBrowser@5fdcaa40]" started-at="2023-07-13T18:33:30 IST" name="getDriver" finished-at="2023-07-13T18:34:04 IST" duration-ms="34134" status="PASS">
          <params>
            <param index="0">
              <value>
                <![CDATA[Chrome]]>
              </value>
            </param>
          </params>
          <reporter-output>
          </reporter-output>
        </test-method> <!-- getDriver -->
        <test-method signature="launchBrowser()[pri:0, instance:testNG.TestBrowser@5fdcaa40]" started-at="2023-07-13T18:34:04 IST" name="launchBrowser" finished-at="2023-07-13T18:34:13 IST" duration-ms="8849" status="PASS">
          <reporter-output>
          </reporter-output>
        </test-method> <!-- launchBrowser -->
        <test-method signature="launchBrowser2()[pri:0, instance:testNG.TestBrowser@5fdcaa40]" started-at="2023-07-13T18:34:13 IST" name="launchBrowser2" finished-at="2023-07-13T18:34:14 IST" duration-ms="1197" status="PASS">
          <reporter-output>
          </reporter-output>
        </test-method> <!-- launchBrowser2 -->
        <test-method is-config="true" signature="teardown()[pri:0, instance:testNG.TestBrowser@5fdcaa40]" started-at="2023-07-13T18:34:20 IST" name="teardown" finished-at="2023-07-13T18:34:29 IST" duration-ms="8413" status="PASS">
          <reporter-output>
          </reporter-output>
        </test-method> <!-- teardown -->
      </class> <!-- testNG.TestBrowser -->
    </test> <!-- Input Test -->
  </suite> <!-- TestNG Listener -->
</testng-results>
