<?xml version="1.0" encoding="UTF-8"?>
<testng-results ignored="0" total="2" passed="2" failed="0" skipped="0">
  <reporter-output>
  </reporter-output>
  <suite started-at="2023-07-13T17:03:41 IST" name="TestNG Listener" finished-at="2023-07-13T17:04:08 IST" duration-ms="27782">
    <groups>
    </groups>
    <test started-at="2023-07-13T17:03:41 IST" name="Input Test" finished-at="2023-07-13T17:04:08 IST" duration-ms="27782">
      <class name="testNG.TestBrowser">
        <test-method is-config="true" signature="getDriver()[pri:0, instance:testNG.TestBrowser@62150f9e]" started-at="2023-07-13T17:03:07 IST" name="getDriver" finished-at="2023-07-13T17:03:41 IST" duration-ms="33373" status="PASS">
          <reporter-output>
          </reporter-output>
        </test-method> <!-- getDriver -->
        <test-method signature="launchBrowser()[pri:0, instance:testNG.TestBrowser@62150f9e]" started-at="2023-07-13T17:03:41 IST" name="launchBrowser" finished-at="2023-07-13T17:04:04 IST" duration-ms="23039" status="PASS">
          <reporter-output>
          </reporter-output>
        </test-method> <!-- launchBrowser -->
        <test-method signature="launchBrowser2()[pri:0, instance:testNG.TestBrowser@62150f9e]" started-at="2023-07-13T17:04:04 IST" name="launchBrowser2" finished-at="2023-07-13T17:04:08 IST" duration-ms="4360" status="PASS">
          <reporter-output>
          </reporter-output>
        </test-method> <!-- launchBrowser2 -->
        <test-method is-config="true" signature="teardown()[pri:0, instance:testNG.TestBrowser@62150f9e]" started-at="2023-07-13T17:04:14 IST" name="teardown" finished-at="2023-07-13T17:04:16 IST" duration-ms="1828" status="PASS">
          <reporter-output>
          </reporter-output>
        </test-method> <!-- teardown -->
      </class> <!-- testNG.TestBrowser -->
    </test> <!-- Input Test -->
  </suite> <!-- TestNG Listener -->
</testng-results>
